<?xml version="1.0" encoding="UTF-8" ?>
<testsuite tests="94" failures="0" name="seleniumcucumber.calculatoronline.RunnerTest" time="0.183" errors="0" skipped="12">
  <properties>
[...]
</properties>
  <testcase classname="| 6 | N | 1 | N | + | 7 |" name="Given I navigate to &quot;https://www.online-calculator.com/full-screen-calculator/&quot;" time="0.006"/>
  <testcase classname="| 6 | N | 1 | N | + | 7 |" name="When I enter following values and press Equal button" time="0"/>
  <testcase classname="| 6 | N | 1 | N | + | 7 |" name="Then I should be able to see 7" time="0"/>
  <testcase classname="| 6 | N | 1 | N | + | 7 |" name="| 6 | N | 1 | N | + | 7 |" time="0.015"/>
  <testcase classname="| 9 | N | 7 | N | - | 2 |" name="Given I navigate to &quot;https://www.online-calculator.com/full-screen-calculator/&quot;" time="0"/>
  <testcase classname="| 9 | N | 7 | N | - | 2 |" name="When I enter following values and press Equal button" time="0"/>
  <testcase classname="| 9 | N | 7 | N | - | 2 |" name="Then I should be able to see 2" time="0.001"/>
  <testcase classname="| 9 | N | 7 | N | - | 2 |" name="| 9 | N | 7 | N | - | 2 |" time="0.016"/>
  <testcase classname="| 3 | N | 4 | N | * | 12 |" name="Given I navigate to &quot;https://www.online-calculator.com/full-screen-calculator/&quot;" time="0"/>
  <testcase classname="| 3 | N | 4 | N | * | 12 |" name="When I enter following values and press Equal button" time="0"/>
  <testcase classname="| 3 | N | 4 | N | * | 12 |" name="Then I should be able to see 12" time="0"/>
  <testcase classname="| 3 | N | 4 | N | * | 12 |" name="| 3 | N | 4 | N | * | 12 |" time="0.005"/>
  <testcase classname="| 8 | N | 2 | N | / | 4 |" name="Given I navigate to &quot;https://www.online-calculator.com/full-screen-calculator/&quot;" time="0"/>
  <testcase classname="| 8 | N | 2 | N | / | 4 |" name="When I enter following values and press Equal button" time="0"/>
  <testcase classname="| 8 | N | 2 | N | / | 4 |" name="Then I should be able to see 4" time="0"/>
  <testcase classname="| 8 | N | 2 | N | / | 4 |" name="| 8 | N | 2 | N | / | 4 |" time="0.004"/>
  <testcase classname="| 5 | N | 5 | N | / | 1 |" name="Given I navigate to &quot;https://www.online-calculator.com/full-screen-calculator/&quot;" time="0"/>
  <testcase classname="| 5 | N | 5 | N | / | 1 |" name="When I enter following values and press Equal button" time="0"/>
  <testcase classname="| 5 | N | 5 | N | / | 1 |" name="Then I should be able to see 1" time="0"/>
  <testcase classname="| 5 | N | 5 | N | / | 1 |" name="| 5 | N | 5 | N | / | 1 |" time="0.005"/>
  <testcase classname="| 3 | N | 2 | N | / | 1.5 |" name="Given I navigate to &quot;https://www.online-calculator.com/full-screen-calculator/&quot;" time="0"/>
  <testcase classname="| 3 | N | 2 | N | / | 1.5 |" name="When I enter following values and press Equal button" time="0"/>
  <testcase classname="| 3 | N | 2 | N | / | 1.5 |" name="Then I should be able to see 1.5" time="0.001">
    <skipped/>
  </testcase>
  <testcase classname="| 3 | N | 2 | N | / | 1.5 |" name="| 3 | N | 2 | N | / | 1.5 |" time="0.005">
    <skipped/>
    <system-err>[main] INFO seleniumcucumber.calculatoronline.steps.Hooks - 
[main] INFO seleniumcucumber.calculatoronline.steps.Hooks - ==========================================================================
[main] INFO seleniumcucumber.calculatoronline.steps.Hooks - ================================Test undefined===============================
[main] INFO seleniumcucumber.calculatoronline.steps.Hooks - ==========================================================================
[main] INFO seleniumcucumber.calculatoronline.steps.Hooks - 
</system-err>
  </testcase>
  <testcase classname="| 3 | N | 2 | N | / | 1.5 |" name="| 3 | N | 2 | N | / | 1.5 |" time="0.005"/>
  <testcase classname="| 6 | Y | 1 | N | + | -5 |" name="Given I navigate to &quot;https://www.online-calculator.com/full-screen-calculator/&quot;" time="0"/>
  <testcase classname="| 6 | Y | 1 | N | + | -5 |" name="When I enter following values and press Equal button" time="0"/>
  <testcase classname="| 6 | Y | 1 | N | + | -5 |" name="Then I should be able to see -5" time="0"/>
  <testcase classname="| 6 | Y | 1 | N | + | -5 |" name="| 6 | Y | 1 | N | + | -5 |" time="0.004"/>
  <testcase classname="| 9 | N | 7 | Y | - | 16 |" name="Given I navigate to &quot;https://www.online-calculator.com/full-screen-calculator/&quot;" time="0"/>
  <testcase classname="| 9 | N | 7 | Y | - | 16 |" name="When I enter following values and press Equal button" time="0"/>
  <testcase classname="| 9 | N | 7 | Y | - | 16 |" name="Then I should be able to see 16" time="0.001"/>
  <testcase classname="| 9 | N | 7 | Y | - | 16 |" name="| 9 | N | 7 | Y | - | 16 |" time="0.004"/>
  <testcase classname="| 8 | Y | 4 | N | * | -32 |" name="Given I navigate to &quot;https://www.online-calculator.com/full-screen-calculator/&quot;" time="0"/>
  <testcase classname="| 8 | Y | 4 | N | * | -32 |" name="When I enter following values and press Equal button" time="0"/>
  <testcase classname="| 8 | Y | 4 | N | * | -32 |" name="Then I should be able to see -32" time="0"/>
  <testcase classname="| 8 | Y | 4 | N | * | -32 |" name="| 8 | Y | 4 | N | * | -32 |" time="0.003"/>
  <testcase classname="| 3 | Y | 2 | N | / | -1.5 |" name="Given I navigate to &quot;https://www.online-calculator.com/full-screen-calculator/&quot;" time="0"/>
  <testcase classname="| 3 | Y | 2 | N | / | -1.5 |" name="When I enter following values and press Equal button" time="0"/>
  <testcase classname="| 3 | Y | 2 | N | / | -1.5 |" name="Then I should be able to see -1.5" time="0.001">
    <skipped/>
  </testcase>
  <testcase classname="| 3 | Y | 2 | N | / | -1.5 |" name="| 3 | Y | 2 | N | / | -1.5 |" time="0.006">
    <skipped/>
    <system-err>[main] INFO seleniumcucumber.calculatoronline.steps.Hooks - 
[main] INFO seleniumcucumber.calculatoronline.steps.Hooks - ==========================================================================
[main] INFO seleniumcucumber.calculatoronline.steps.Hooks - ================================Test undefined===============================
[main] INFO seleniumcucumber.calculatoronline.steps.Hooks - ==========================================================================
[main] INFO seleniumcucumber.calculatoronline.steps.Hooks - 
</system-err>
  </testcase>
  <testcase classname="| 3 | Y | 2 | N | / | -1.5 |" name="| 3 | Y | 2 | N | / | -1.5 |" time="0.006"/>
  <testcase classname="| 3 | N | 0 | N | / | Error |" name="Given I navigate to &quot;https://www.online-calculator.com/full-screen-calculator/&quot;" time="0"/>
  <testcase classname="| 3 | N | 0 | N | / | Error |" name="When I enter following values and press Equal button" time="0"/>
  <testcase classname="| 3 | N | 0 | N | / | Error |" name="Then I should be able to see Error" time="0.001">
    <skipped/>
  </testcase>
  <testcase classname="| 3 | N | 0 | N | / | Error |" name="| 3 | N | 0 | N | / | Error |" time="0.006">
    <skipped/>
    <system-err>[main] INFO seleniumcucumber.calculatoronline.steps.Hooks - 
[main] INFO seleniumcucumber.calculatoronline.steps.Hooks - ==========================================================================
[main] INFO seleniumcucumber.calculatoronline.steps.Hooks - ================================Test undefined===============================
[main] INFO seleniumcucumber.calculatoronline.steps.Hooks - ==========================================================================
[main] INFO seleniumcucumber.calculatoronline.steps.Hooks - 
</system-err>
  </testcase>
  <testcase classname="| 3 | N | 0 | N | / | Error |" name="| 3 | N | 0 | N | / | Error |" time="0.007"/>
  <testcase classname="| 0 | Y | 2 | N | / | 0 |" name="Given I navigate to &quot;https://www.online-calculator.com/full-screen-calculator/&quot;" time="0.001"/>
  <testcase classname="| 0 | Y | 2 | N | / | 0 |" name="When I enter following values and press Equal button" time="0"/>
  <testcase classname="| 0 | Y | 2 | N | / | 0 |" name="Then I should be able to see 0" time="0"/>
  <testcase classname="| 0 | Y | 2 | N | / | 0 |" name="| 0 | Y | 2 | N | / | 0 |" time="0.003"/>
  <testcase classname="| 9 | N | 8 | N | / | 1.125 |" name="Given I navigate to &quot;https://www.online-calculator.com/full-screen-calculator/&quot;" time="0"/>
  <testcase classname="| 9 | N | 8 | N | / | 1.125 |" name="When I enter following values and press Equal button" time="0"/>
  <testcase classname="| 9 | N | 8 | N | / | 1.125 |" name="Then I should be able to see 1.125" time="0">
    <skipped/>
  </testcase>
  <testcase classname="| 9 | N | 8 | N | / | 1.125 |" name="| 9 | N | 8 | N | / | 1.125 |" time="0.003">
    <skipped/>
    <system-err>[main] INFO seleniumcucumber.calculatoronline.steps.Hooks - 
[main] INFO seleniumcucumber.calculatoronline.steps.Hooks - ==========================================================================
[main] INFO seleniumcucumber.calculatoronline.steps.Hooks - ================================Test undefined===============================
[main] INFO seleniumcucumber.calculatoronline.steps.Hooks - ==========================================================================
[main] INFO seleniumcucumber.calculatoronline.steps.Hooks - 
</system-err>
  </testcase>
  <testcase classname="| 9 | N | 8 | N | / | 1.125 |" name="| 9 | N | 8 | N | / | 1.125 |" time="0.003"/>
  <testcase classname="| 8 | Y | 9 | N | / | -0.88888889 |" name="Given I navigate to &quot;https://www.online-calculator.com/full-screen-calculator/&quot;" time="0.001"/>
  <testcase classname="| 8 | Y | 9 | N | / | -0.88888889 |" name="When I enter following values and press Equal button" time="0"/>
  <testcase classname="| 8 | Y | 9 | N | / | -0.88888889 |" name="Then I should be able to see -0.88888889" time="0.001">
    <skipped/>
  </testcase>
  <testcase classname="| 8 | Y | 9 | N | / | -0.88888889 |" name="| 8 | Y | 9 | N | / | -0.88888889 |" time="0.004">
    <skipped/>
    <system-err>[main] INFO seleniumcucumber.calculatoronline.steps.Hooks - 
[main] INFO seleniumcucumber.calculatoronline.steps.Hooks - ==========================================================================
[main] INFO seleniumcucumber.calculatoronline.steps.Hooks - ================================Test undefined===============================
[main] INFO seleniumcucumber.calculatoronline.steps.Hooks - ==========================================================================
[main] INFO seleniumcucumber.calculatoronline.steps.Hooks - 
</system-err>
  </testcase>
  <testcase classname="| 8 | Y | 9 | N | / | -0.88888889 |" name="| 8 | Y | 9 | N | / | -0.88888889 |" time="0.004"/>
  <testcase classname="| 0 | Y | 0 | N | + | 0 |" name="Given I navigate to &quot;https://www.online-calculator.com/full-screen-calculator/&quot;" time="0"/>
  <testcase classname="| 0 | Y | 0 | N | + | 0 |" name="When I enter following values and press Equal button" time="0"/>
  <testcase classname="| 0 | Y | 0 | N | + | 0 |" name="Then I should be able to see 0" time="0"/>
  <testcase classname="| 0 | Y | 0 | N | + | 0 |" name="| 0 | Y | 0 | N | + | 0 |" time="0.003"/>
  <testcase classname="| 9 | N | 9 | Y | - | 18 |" name="Given I navigate to &quot;https://www.online-calculator.com/full-screen-calculator/&quot;" time="0"/>
  <testcase classname="| 9 | N | 9 | Y | - | 18 |" name="When I enter following values and press Equal button" time="0"/>
  <testcase classname="| 9 | N | 9 | Y | - | 18 |" name="Then I should be able to see 18" time="0.001"/>
  <testcase classname="| 9 | N | 9 | Y | - | 18 |" name="| 9 | N | 9 | Y | - | 18 |" time="0.011"/>
  <testcase classname="| 9 | N | 9 | N | + | 18 |" name="Given I navigate to &quot;https://www.online-calculator.com/full-screen-calculator/&quot;" time="0"/>
  <testcase classname="| 9 | N | 9 | N | + | 18 |" name="When I enter following values and press Equal button" time="0"/>
  <testcase classname="| 9 | N | 9 | N | + | 18 |" name="Then I should be able to see 18" time="0"/>
  <testcase classname="| 9 | N | 9 | N | + | 18 |" name="| 9 | N | 9 | N | + | 18 |" time="0.003"/>
  <testcase classname="| 0 | N | 9 | N | / | 0 |" name="Given I navigate to &quot;https://www.online-calculator.com/full-screen-calculator/&quot;" time="0.001"/>
  <testcase classname="| 0 | N | 9 | N | / | 0 |" name="When I enter following values and press Equal button" time="0"/>
  <testcase classname="| 0 | N | 9 | N | / | 0 |" name="Then I should be able to see 0" time="0"/>
  <testcase classname="| 0 | N | 9 | N | / | 0 |" name="| 0 | N | 9 | N | / | 0 |" time="0.003"/>
  <testcase classname="| 0 | N | 0 | N | / | Error |" name="Given I navigate to &quot;https://www.online-calculator.com/full-screen-calculator/&quot;" time="0"/>
  <testcase classname="| 0 | N | 0 | N | / | Error |" name="When I enter following values and press Equal button" time="0"/>
  <testcase classname="| 0 | N | 0 | N | / | Error |" name="Then I should be able to see Error" time="0.001">
    <skipped/>
  </testcase>
  <testcase classname="| 0 | N | 0 | N | / | Error |" name="| 0 | N | 0 | N | / | Error |" time="0.006">
    <skipped/>
    <system-err>[main] INFO seleniumcucumber.calculatoronline.steps.Hooks - 
[main] INFO seleniumcucumber.calculatoronline.steps.Hooks - ==========================================================================
[main] INFO seleniumcucumber.calculatoronline.steps.Hooks - ================================Test undefined===============================
[main] INFO seleniumcucumber.calculatoronline.steps.Hooks - ==========================================================================
[main] INFO seleniumcucumber.calculatoronline.steps.Hooks - 
</system-err>
  </testcase>
  <testcase classname="| 0 | N | 0 | N | / | Error |" name="| 0 | N | 0 | N | / | Error |" time="0.006"/>
  <testcase classname="| 0 | Y | 0 | N | * | 0 |" name="Given I navigate to &quot;https://www.online-calculator.com/full-screen-calculator/&quot;" time="0"/>
  <testcase classname="| 0 | Y | 0 | N | * | 0 |" name="When I enter following values and press Equal button" time="0"/>
  <testcase classname="| 0 | Y | 0 | N | * | 0 |" name="Then I should be able to see 0" time="0"/>
  <testcase classname="| 0 | Y | 0 | N | * | 0 |" name="| 0 | Y | 0 | N | * | 0 |" time="0.003"/>
  <testcase classname="| 9 | N | 9 | N | / | 1 |" name="Given I navigate to &quot;https://www.online-calculator.com/full-screen-calculator/&quot;" time="0"/>
  <testcase classname="| 9 | N | 9 | N | / | 1 |" name="When I enter following values and press Equal button" time="0"/>
  <testcase classname="| 9 | N | 9 | N | / | 1 |" name="Then I should be able to see 1" time="0"/>
  <testcase classname="| 9 | N | 9 | N | / | 1 |" name="| 9 | N | 9 | N | / | 1 |" time="0.003"/>
  <testcase classname="| 9 | Y | 9 | N | * | -81 |" name="Given I navigate to &quot;https://www.online-calculator.com/full-screen-calculator/&quot;" time="0"/>
  <testcase classname="| 9 | Y | 9 | N | * | -81 |" name="When I enter following values and press Equal button" time="0"/>
  <testcase classname="| 9 | Y | 9 | N | * | -81 |" name="Then I should be able to see -81" time="0"/>
  <testcase classname="| 9 | Y | 9 | N | * | -81 |" name="| 9 | Y | 9 | N | * | -81 |" time="0.02"/>
</testsuite>